[    0.000000] Initializing cgroup subsys cpuset
[    0.000000] Initializing cgroup subsys cpu
[    0.000000] Initializing cgroup subsys cpuacct
[    0.000000] Linux version 4.4.0-131-generic (buildd@lgw01-amd64-015) (gcc version 5.4.0 20160609 (Ubuntu 5.4.0-6ubuntu1~16.04.10) ) #157-Ubuntu SMP Thu Jul 12 15:51:36 UTC 2018 (Ubuntu 4.4.0-131.157-generic 4.4.134)
[    0.000000] Command line: BOOT_IMAGE=/boot/vmlinuz-4.4.0-131-generic root=LABEL=cloudimg-rootfs ro console=tty1 console=ttyS0
[    0.000000] KERNEL supported cpus:
[    0.000000]   Intel GenuineIntel
[    0.000000]   AMD AuthenticAMD
[    0.000000]   Centaur CentaurHauls
[    0.000000] x86/fpu: xstate_offset[2]:  576, xstate_sizes[2]:  256
[    0.000000] x86/fpu: Supporting XSAVE feature 0x01: 'x87 floating point registers'
[    0.000000] x86/fpu: Supporting XSAVE feature 0x02: 'SSE registers'
[    0.000000] x86/fpu: Supporting XSAVE feature 0x04: 'AVX registers'
[    0.000000] x86/fpu: Enabled xstate features 0x7, context size is 832 bytes, using 'standard' format.
[    0.000000] x86/fpu: Using 'eager' FPU context switches.
[    0.000000] e820: BIOS-provided physical RAM map:
[    0.000000] BIOS-e820: [mem 0x0000000000000000-0x000000000009fbff] usable
[    0.000000] BIOS-e820: [mem 0x000000000009fc00-0x000000000009ffff] reserved
[    0.000000] BIOS-e820: [mem 0x00000000000f0000-0x00000000000fffff] reserved
[    0.000000] BIOS-e820: [mem 0x0000000000100000-0x000000003ffeffff] usable
[    0.000000] BIOS-e820: [mem 0x000000003fff0000-0x000000003fffffff] ACPI data
[    0.000000] BIOS-e820: [mem 0x00000000fec00000-0x00000000fec00fff] reserved
[    0.000000] BIOS-e820: [mem 0x00000000fee00000-0x00000000fee00fff] reserved
[    0.000000] BIOS-e820: [mem 0x00000000fffc0000-0x00000000ffffffff] reserved
[    0.000000] NX (Execute Disable) protection: active
[    0.000000] SMBIOS 2.5 present.
[    0.000000] Hypervisor detected: KVM
[    0.000000] e820: last_pfn = 0x3fff0 max_arch_pfn = 0x400000000
[    0.000000] MTRR: Disabled
[    0.000000] x86/PAT: MTRRs disabled, skipping PAT initialization too.
[    0.000000] CPU MTRRs all blank - virtualized system.
[    0.000000] x86/PAT: Configuration [0-7]: WB  WT  UC- UC  WB  WT  UC- UC  
[    0.000000] found SMP MP-table at [mem 0x0009fff0-0x0009ffff] mapped at [ffff88000009fff0]
[    0.000000] Scanning 1 areas for low memory corruption
[    0.000000] RAMDISK: [mem 0x3630c000-0x3717dfff]
[    0.000000] ACPI: Early table checksum verification disabled
[    0.000000] ACPI: RSDP 0x00000000000E0000 000024 (v02 VBOX  )
[    0.000000] ACPI: XSDT 0x000000003FFF0030 00003C (v01 VBOX   VBOXXSDT 00000001 ASL  00000061)
[    0.000000] ACPI: FACP 0x000000003FFF00F0 0000F4 (v04 VBOX   VBOXFACP 00000001 ASL  00000061)
[    0.000000] ACPI: DSDT 0x000000003FFF0470 0021FF (v02 VBOX   VBOXBIOS 00000002 INTL 20100528)
[    0.000000] ACPI: FACS 0x000000003FFF0200 000040
[    0.000000] ACPI: FACS 0x000000003FFF0200 000040
[    0.000000] ACPI: APIC 0x000000003FFF0240 00005C (v02 VBOX   VBOXAPIC 00000001 ASL  00000061)
[    0.000000] ACPI: SSDT 0x000000003FFF02A0 0001CC (v01 VBOX   VBOXCPUT 00000002 INTL 20100528)
[    0.000000] No NUMA configuration found
[    0.000000] Faking a node at [mem 0x0000000000000000-0x000000003ffeffff]
[    0.000000] NODE_DATA(0) allocated [mem 0x3ffeb000-0x3ffeffff]
[    0.000000] kvm-clock: Using msrs 4b564d01 and 4b564d00
[    0.000000] kvm-clock: cpu 0, msr 0:3ffe3001, primary cpu clock
[    0.000000] kvm-clock: using sched offset of 12733240313 cycles
[    0.000000] clocksource: kvm-clock: mask: 0xffffffffffffffff max_cycles: 0x1cd42e4dffb, max_idle_ns: 881590591483 ns
[    0.000000] Zone ranges:
[    0.000000]   DMA      [mem 0x0000000000001000-0x0000000000ffffff]
[    0.000000]   DMA32    [mem 0x0000000001000000-0x000000003ffeffff]
[    0.000000]   Normal   empty
[    0.000000]   Device   empty
[    0.000000] Movable zone start for each node
[    0.000000] Early memory node ranges
[    0.000000]   node   0: [mem 0x0000000000001000-0x000000000009efff]
[    0.000000]   node   0: [mem 0x0000000000100000-0x000000003ffeffff]
[    0.000000] Initmem setup node 0 [mem 0x0000000000001000-0x000000003ffeffff]
[    0.000000] ACPI: PM-Timer IO Port: 0x4008
[    0.000000] IOAPIC[0]: apic_id 2, version 32, address 0xfec00000, GSI 0-23
[    0.000000] ACPI: INT_SRC_OVR (bus 0 bus_irq 0 global_irq 2 dfl dfl)
[    0.000000] ACPI: INT_SRC_OVR (bus 0 bus_irq 9 global_irq 9 low level)
[    0.000000] Using ACPI (MADT) for SMP configuration information
[    0.000000] smpboot: Allowing 2 CPUs, 0 hotplug CPUs
[    0.000000] PM: Registered nosave memory: [mem 0x00000000-0x00000fff]
[    0.000000] PM: Registered nosave memory: [mem 0x0009f000-0x0009ffff]
[    0.000000] PM: Registered nosave memory: [mem 0x000a0000-0x000effff]
[    0.000000] PM: Registered nosave memory: [mem 0x000f0000-0x000fffff]
[    0.000000] e820: [mem 0x40000000-0xfebfffff] available for PCI devices
[    0.000000] Booting paravirtualized kernel on KVM
[    0.000000] clocksource: refined-jiffies: mask: 0xffffffff max_cycles: 0xffffffff, max_idle_ns: 7645519600211568 ns
[    0.000000] setup_percpu: NR_CPUS:512 nr_cpumask_bits:512 nr_cpu_ids:2 nr_node_ids:1
[    0.000000] PERCPU: Embedded 34 pages/cpu @ffff88003fc00000 s99544 r8192 d31528 u1048576
[    0.000000] PV qspinlock hash table entries: 256 (order: 0, 4096 bytes)
[    0.000000] Built 1 zonelists in Node order, mobility grouping on.  Total pages: 257912
[    0.000000] Policy zone: DMA32
[    0.000000] Kernel command line: BOOT_IMAGE=/boot/vmlinuz-4.4.0-131-generic root=LABEL=cloudimg-rootfs ro console=tty1 console=ttyS0
[    0.000000] PID hash table entries: 4096 (order: 3, 32768 bytes)
[    0.000000] Memory: 997724K/1048120K available (8546K kernel code, 1313K rwdata, 4000K rodata, 1516K init, 1316K bss, 50396K reserved, 0K cma-reserved)
[    0.000000] SLUB: HWalign=64, Order=0-3, MinObjects=0, CPUs=2, Nodes=1
[    0.000000] Kernel/User page tables isolation: enabled
[    0.000000] Hierarchical RCU implementation.
[    0.000000] 	Build-time adjustment of leaf fanout to 64.
[    0.000000] 	RCU restricting CPUs from NR_CPUS=512 to nr_cpu_ids=2.
[    0.000000] RCU: Adjusting geometry for rcu_fanout_leaf=64, nr_cpu_ids=2
[    0.000000] NR_IRQS:33024 nr_irqs:440 16
[    0.000000] Console: colour VGA+ 80x25
[    0.000000] console [tty1] enabled
[    0.000000] console [ttyS0] enabled
[    0.000000] tsc: Detected 2591.996 MHz processor
[    2.986893] Calibrating delay loop (skipped) preset value.. 5183.99 BogoMIPS (lpj=10367984)
[    3.029027] pid_max: default: 32768 minimum: 301
[    3.050452] ACPI: Core revision 20150930
[    3.071284] ACPI: 2 ACPI AML tables successfully acquired and loaded
[    3.105652] Security Framework initialized
[    3.125175] Yama: becoming mindful.
[    3.143640] AppArmor: AppArmor initialized
[    3.163448] Dentry cache hash table entries: 131072 (order: 8, 1048576 bytes)
[    3.194858] Inode-cache hash table entries: 65536 (order: 7, 524288 bytes)
[    3.224919] Mount-cache hash table entries: 2048 (order: 2, 16384 bytes)
[    3.252881] Mountpoint-cache hash table entries: 2048 (order: 2, 16384 bytes)
[    3.284881] Initializing cgroup subsys io
[    3.304730] Initializing cgroup subsys memory
[    3.326140] Initializing cgroup subsys devices
[    3.347452] Initializing cgroup subsys freezer
[    3.368597] Initializing cgroup subsys net_cls
[    3.390545] Initializing cgroup subsys perf_event
[    3.412874] Initializing cgroup subsys net_prio
[    3.434051] Initializing cgroup subsys hugetlb
[    3.456079] Initializing cgroup subsys pids
[    3.479319] CPU: Physical Processor ID: 0
[    3.498336] CPU: Processor Core ID: 0
[    3.519726] mce: CPU supports 0 MCE banks
[    3.539640] Last level iTLB entries: 4KB 64, 2MB 8, 4MB 8
[    3.564979] Last level dTLB entries: 4KB 64, 2MB 0, 4MB 0, 1GB 4
[    3.592160] Spectre V2 : Mitigation: Full generic retpoline
[    3.619642] Spectre V2 : Speculation control IBPB not-supported IBRS not-supported
[    3.653349] Spectre V2 : Filling RSB on context switch
[    3.689177] Speculative Store Bypass: Vulnerable
[    3.757864] Freeing SMP alternatives memory: 32K
[    3.908741] ftrace: allocating 32245 entries in 126 pages
[    4.523363] smpboot: APIC(0) Converting physical 0 to logical package 0
[    4.550822] smpboot: Max logical packages: 1
[    4.578319] x2apic enabled
[    4.600039] Switched APIC routing to physical x2apic.
[    4.648189] ..TIMER: vector=0x30 apic1=0 pin1=2 apic2=-1 pin2=-1
[    4.782069] smpboot: CPU0: Intel(R) Core(TM) i7-6700HQ CPU @ 2.60GHz (family: 0x6, model: 0x5e, stepping: 0x3)
[    4.836286] Performance Events: unsupported p6 CPU model 94 no PMU driver, software events only.
[    4.880570] KVM setup paravirtual spinlock
[    4.900830] x86: Booting SMP configuration:
[    4.921822] .... node  #0, CPUs:      #1
[    4.944175] kvm-clock: cpu 1, msr 0:3ffe3041, secondary cpu clock
[    4.964994] mce: CPU supports 0 MCE banks
[    4.980134] x86: Booted up 1 node, 2 CPUs
[    5.004931] smpboot: Total of 2 processors activated (10367.98 BogoMIPS)
[    5.040335] devtmpfs: initialized
[    5.059762] evm: security.selinux
[    5.085266] evm: security.SMACK64
[    5.110880] evm: security.SMACK64EXEC
[    5.129878] evm: security.SMACK64TRANSMUTE
[    5.150223] evm: security.SMACK64MMAP
[    5.170063] evm: security.ima
[    5.187264] evm: security.capability
[    5.206885] clocksource: jiffies: mask: 0xffffffff max_cycles: 0xffffffff, max_idle_ns: 7645041785100000 ns
[    5.256678] futex hash table entries: 512 (order: 3, 32768 bytes)
[    5.287461] pinctrl core: initialized pinctrl subsystem
[    5.316092] RTC time: 15:23:07, date: 08/03/18
[    5.341935] NET: Registered protocol family 16
[    5.379074] cpuidle: using governor ladder
[    5.411383] cpuidle: using governor menu
[    5.431673] PCCT header not found.
[    5.449425] ACPI: bus type PCI registered
[    5.468902] acpiphp: ACPI Hot Plug PCI Controller Driver version: 0.5
[    5.498201] PCI: Using configuration type 1 for base access
[    5.540873] ACPI: Added _OSI(Module Device)
[    5.561848] ACPI: Added _OSI(Processor Device)
[    5.583196] ACPI: Added _OSI(3.0 _SCP Extensions)
[    5.606120] ACPI: Added _OSI(Processor Aggregator Device)
[    5.638693] ACPI: Executed 1 blocks of module-level executable AML code
[    5.680736] ACPI: Interpreter enabled
[    5.698937] ACPI: (supports S0 S5)
[    5.719503] ACPI: Using IOAPIC for interrupt routing
[    5.744671] PCI: Using host bridge windows from ACPI; if necessary, use "pci=nocrs" and report a bug
[    5.819226] ACPI: PCI Root Bridge [PCI0] (domain 0000 [bus 00-ff])
[    5.849889] acpi PNP0A03:00: _OSC: OS supports [ASPM ClockPM Segments MSI]
[    5.881613] acpi PNP0A03:00: _OSC: not requesting OS control; OS requires [ExtendedConfig ASPM ClockPM MSI]
[    5.928501] acpi PNP0A03:00: fail to add MMCONFIG information, can't access extended PCI configuration space under this bridge.
[    5.983936] PCI host bridge to bus 0000:00
[    6.004943] pci_bus 0000:00: root bus resource [io  0x0000-0x0cf7 window]
[    6.035507] pci_bus 0000:00: root bus resource [io  0x0d00-0xffff window]
[    6.066362] pci_bus 0000:00: root bus resource [mem 0x000a0000-0x000bffff window]
[    6.102652] pci_bus 0000:00: root bus resource [mem 0x40000000-0xfdffffff window]
[    6.140974] pci_bus 0000:00: root bus resource [bus 00-ff]
[    6.208429] pci 0000:00:01.1: legacy IDE quirk: reg 0x10: [io  0x01f0-0x01f7]
[    6.239804] pci 0000:00:01.1: legacy IDE quirk: reg 0x14: [io  0x03f6]
[    6.474060] pci 0000:00:01.1: legacy IDE quirk: reg 0x18: [io  0x0170-0x0177]
[    6.504676] pci 0000:00:01.1: legacy IDE quirk: reg 0x1c: [io  0x0376]
[    6.652752] pci 0000:00:07.0: quirk: [io  0x4000-0x403f] claimed by PIIX4 ACPI
[    6.690530] pci 0000:00:07.0: quirk: [io  0x4100-0x410f] claimed by PIIX4 SMB
[    6.803971] ACPI: PCI Interrupt Link [LNKA] (IRQs 5 9 10 *11)
[    6.846583] ACPI: PCI Interrupt Link [LNKB] (IRQs 5 9 *10 11)
[    6.893207] ACPI: PCI Interrupt Link [LNKC] (IRQs 5 *9 10 11)
[    6.934148] ACPI: PCI Interrupt Link [LNKD] (IRQs 5 9 10 *11)
[    6.980179] ACPI: Enabled 2 GPEs in block 00 to 07
[    7.008634] vgaarb: setting as boot device: PCI:0000:00:02.0
[    7.034706] vgaarb: device added: PCI:0000:00:02.0,decodes=io+mem,owns=io+mem,locks=none
[    7.084295] vgaarb: loaded
[    7.099777] vgaarb: bridge control possible 0000:00:02.0
[    7.124366] SCSI subsystem initialized
[    7.144795] ACPI: bus type USB registered
[    7.164697] usbcore: registered new interface driver usbfs
[    7.188840] usbcore: registered new interface driver hub
[    7.215805] usbcore: registered new device driver usb
[    7.244212] PCI: Using ACPI for IRQ routing
[    7.271146] NetLabel: Initializing
[    7.290254] NetLabel:  domain hash size = 128
[    7.314364] NetLabel:  protocols = UNLABELED CIPSOv4
[    7.340298] NetLabel:  unlabeled traffic allowed by default
[    7.367731] amd_nb: Cannot enumerate AMD northbridges
[    7.392384] clocksource: Switched to clocksource kvm-clock
[    7.427315] AppArmor: AppArmor Filesystem Enabled
[    7.471876] pnp: PnP ACPI init
[    7.495450] pnp: PnP ACPI: found 3 devices
[    7.567248] clocksource: acpi_pm: mask: 0xffffff max_cycles: 0xffffff, max_idle_ns: 2085701024 ns
[    7.607330] NET: Registered protocol family 2
[    7.629264] TCP established hash table entries: 8192 (order: 4, 65536 bytes)
[    7.660064] TCP bind hash table entries: 8192 (order: 5, 131072 bytes)
[    7.687835] TCP: Hash tables configured (established 8192 bind 8192)
[    7.715266] UDP hash table entries: 512 (order: 2, 16384 bytes)
[    7.741980] UDP-Lite hash table entries: 512 (order: 2, 16384 bytes)
[    7.768573] NET: Registered protocol family 1
[    7.790011] pci 0000:00:00.0: Limiting direct PCI/PCI transfers
[    7.816041] pci 0000:00:01.0: Activating ISA DMA hang workarounds
[    7.845762] Unpacking initramfs...
[    8.143350] Freeing initrd memory: 14792K
[    8.163567] platform rtc_cmos: registered platform RTC device (no PNP device found)
[    8.199350] Scanning for low memory corruption every 60 seconds
[    8.226950] audit: initializing netlink subsys (disabled)
[    8.250724] audit: type=2000 audit(1533309798.462:1): initialized
[    8.277270] Initialise system trusted keyring
[    8.299066] HugeTLB registered 2 MB page size, pre-allocated 0 pages
[    8.328420] zbud: loaded
[    8.346013] VFS: Disk quotas dquot_6.6.0
[    8.366706] VFS: Dquot-cache hash table entries: 512 (order 0, 4096 bytes)
[    8.398855] squashfs: version 4.0 (2009/01/31) Phillip Lougher
[    8.426001] fuse init (API version 7.23)
[    8.445835] Key type big_key registered
[    8.471520] Allocating IMA MOK and blacklist keyrings.
[    8.517373] Key type asymmetric registered
[    8.537184] Asymmetric key parser 'x509' registered
[    8.562394] Block layer SCSI generic (bsg) driver version 0.4 loaded (major 249)
[    8.599827] io scheduler noop registered
[    8.620135] io scheduler deadline registered (default)
[    8.643897] io scheduler cfq registered
[    8.664361] pci_hotplug: PCI Hot Plug PCI Core version: 0.5
[    8.689050] pciehp: PCI Express Hot Plug Controller Driver version: 0.4
[    8.717363] ACPI: AC Adapter [AC] (on-line)
[    8.738628] input: Power Button as /devices/LNXSYSTM:00/LNXPWRBN:00/input/input0
[    8.774064] ACPI: Power Button [PWRF]
[    8.794119] input: Sleep Button as /devices/LNXSYSTM:00/LNXSLPBN:00/input/input1
[    8.829532] ACPI: Sleep Button [SLPF]
[    8.853195] GHES: HEST is not enabled!
[    8.856512] ACPI: Battery Slot [BAT0] (battery present)
[    8.895599] Serial: 8250/16550 driver, 32 ports, IRQ sharing enabled
[    9.005460] 00:02: ttyS0 at I/O 0x3f8 (irq = 4, base_baud = 115200) is a 16550A
[    9.045491] Linux agpgart interface v0.103
[    9.072107] loop: module loaded
[    9.093344] scsi host0: ata_piix
[    9.112448] scsi host1: ata_piix
[    9.129832] ata1: PATA max UDMA/33 cmd 0x1f0 ctl 0x3f6 bmdma 0xd000 irq 14
[    9.160497] ata2: PATA max UDMA/33 cmd 0x170 ctl 0x376 bmdma 0xd008 irq 15
[    9.195581] libphy: Fixed MDIO Bus: probed
[    9.216326] tun: Universal TUN/TAP device driver, 1.6
[    9.241152] tun: (C) 1999-2004 Max Krasnyansky <maxk@qualcomm.com>
[    9.267885] PPP generic driver version 2.4.2
[    9.290030] ehci_hcd: USB 2.0 'Enhanced' Host Controller (EHCI) Driver
[    9.321573] ehci-pci: EHCI PCI platform driver
[    9.343470] ehci-platform: EHCI generic platform driver
[    9.367464] ohci_hcd: USB 1.1 'Open' Host Controller (OHCI) Driver
[    9.398481] ohci-pci: OHCI PCI platform driver
[    9.420451] ohci-platform: OHCI generic platform driver
[    9.446056] uhci_hcd: USB Universal Host Controller Interface driver
[    9.473889] i8042: PNP: PS/2 Controller [PNP0303:PS2K,PNP0f03:PS2M] at 0x60,0x64 irq 1,12
[    9.518253] serio: i8042 KBD port at 0x60,0x64 irq 1
[    9.543033] serio: i8042 AUX port at 0x60,0x64 irq 12
[    9.565535] mousedev: PS/2 mouse device common for all mice
[    9.599008] rtc_cmos rtc_cmos: rtc core: registered rtc_cmos as rtc0
[    9.629457] input: AT Translated Set 2 keyboard as /devices/platform/i8042/serio0/input/input2
[    9.669832] rtc_cmos rtc_cmos: alarms up to one day, 114 bytes nvram
[    9.697988] i2c /dev entries driver
[    9.716099] device-mapper: uevent: version 1.0.3
[    9.738376] device-mapper: ioctl: 4.34.0-ioctl (2015-10-28) initialised: dm-devel@redhat.com
[    9.775462] ledtrig-cpu: registered to indicate activity on CPUs
[    9.805455] NET: Registered protocol family 10
[    9.826380] NET: Registered protocol family 17
[    9.849439] Key type dns_resolver registered
[    9.871040] registered taskstats version 1
[    9.891772] Loading compiled-in X.509 certificates
[    9.917147] Loaded X.509 cert 'Build time autogenerated kernel key: 8f274abdf49cd12572c1533a34d1eafea768213f'
[    9.968068] zswap: loaded using pool lzo/zbud
[    9.997401] Key type trusted registered
[   10.028750] Key type encrypted registered
[   10.047656] AppArmor: AppArmor sha1 policy hashing enabled
[   10.074795] ima: No TPM chip found, activating TPM-bypass!
[   10.104789] ima: Allocated hash algorithm: sha1
[   10.127407] evm: HMAC attrs: 0x1
[   10.150588]   Magic number: 14:649:385
[   10.170514] thermal cooling_device0: hash matches
[   10.193950] rtc_cmos rtc_cmos: setting system clock to 2018-08-03 15:23:11 UTC (1533309791)
[   10.234826] BIOS EDD facility v0.16 2004-Jun-25, 0 devices found
[   10.262105] EDD information not available.
[   10.290635] Freeing unused kernel memory: 1516K
[   10.333061] Write protecting the kernel read-only data: 14336k
[   10.360702] Freeing unused kernel memory: 1680K
[   10.382682] Freeing unused kernel memory: 96K
Loading, please wait...
starting version[   10.441787] random: udevadm: uninitialized urandom read (16 bytes read, 7 bits of entropy available)
 229
[   10.472225] random: systemd-udevd: uninitialized urandom read (16 bytes read, 7 bits of entropy available)
[   10.472287] random: systemd-udevd: uninitialized urandom read (16 bytes read, 7 bits of entropy available)
[   10.472296] random: systemd-udevd: uninitialized urandom read (16 bytes read, 7 bits of entropy available)
[   10.472307] random: systemd-udevd: uninitialized urandom read (16 bytes read, 7 bits of entropy available)
[   10.666121] random: udevadm: uninitialized urandom read (16 bytes read, 7 bits of entropy available)
[   10.716668] random: systemd-udevd: uninitialized urandom read (16 bytes read, 7 bits of entropy available)
[   10.764250] random: systemd-udevd: uninitialized urandom read (16 bytes read, 7 bits of entropy available)
[   10.766039] random: udevadm: uninitialized urandom read (16 bytes read, 7 bits of entropy available)
[   10.766078] random: udevadm: uninitialized urandom read (16 bytes read, 7 bits of entropy available)
[   10.932510] Fusion MPT base driver 3.04.20
[   10.955388] Copyright (c) 1999-2008 LSI Corporation
[   11.015452] e1000: Intel(R) PRO/1000 Network Driver - version 7.3.21-k8-NAPI
[   11.046663] e1000: Copyright (c) 1999-2006 Intel Corporation.
[   11.119909] Fusion MPT SPI Host driver 3.04.20
[   11.167583] AVX2 version of gcm_enc/dec engaged.
[   11.192293] AES CTR mode by8 optimization enabled
[   11.326039] input: ImExPS/2 Generic Explorer Mouse as /devices/platform/i8042/serio1/input/input4
[   12.997522] e1000 0000:00:03.0 eth0: (PCI:33MHz:32-bit) 02:17:6d:c2:33:c4
[   13.026967] e1000 0000:00:03.0 eth0: Intel(R) PRO/1000 Network Connection
[   15.121495] e1000 0000:00:08.0 eth1: (PCI:33MHz:32-bit) 08:00:27:eb:c7:53
[   15.151012] e1000 0000:00:08.0 eth1: Intel(R) PRO/1000 Network Connection
[   15.186824] mptbase: ioc0: Initiating bringup
[   15.189980] e1000 0000:00:03.0 enp0s3: renamed from eth0
[   15.246561] e1000 0000:00:08.0 enp0s8: renamed from eth1
[   15.324033] ioc0: LSI53C1030 A0: Capabilities={Initiator}
[   17.197617] scsi host2: ioc0: LSI53C1030 A0, FwRev=00000000h, Ports=1, MaxQ=256, IRQ=20
[   18.301401] scsi 2:0:0:0: Direct-Access     VBOX     HARDDISK         1.0  PQ: 0 ANSI: 5
[   18.353511] scsi target2:0:0: Beginning Domain Validation
[   18.387095] scsi target2:0:0: Domain Validation skipping write tests
[   18.414479] scsi target2:0:0: Ending Domain Validation
[   18.439965] scsi target2:0:0: asynchronous
[   18.462668] scsi 2:0:1:0: Direct-Access     VBOX     HARDDISK         1.0  PQ: 0 ANSI: 5
[   18.729789] scsi target2:0:1: Beginning Domain Validation
[   18.765387] scsi target2:0:1: Domain Validation skipping write tests
[   18.793084] scsi target2:0:1: Ending Domain Validation
[   18.816421] scsi target2:0:1: asynchronous
[   18.892713] sd 2:0:0:0: [sda] 20971520 512-byte logical blocks: (10.7 GB/10.0 GiB)
[   18.931656] sd 2:0:0:0: Attached scsi generic sg0 type 0
[   18.958661] sd 2:0:1:0: Attached scsi generic sg1 type 0
[   18.984836] sd 2:0:1:0: [sdb] 20480 512-byte logical blocks: (10.5 MB/10.0 MiB)
[   19.021780] sd 2:0:0:0: [sda] Write Protect is off
[   19.045020] sd 2:0:1:0: [sdb] Write Protect is off
[   19.045244] sd 2:0:0:0: [sda] Incomplete mode parameter data
[   19.045246] sd 2:0:0:0: [sda] Assuming drive cache: write through
[   19.053709]  sda: sda1
[   19.056952] sd 2:0:0:0: [sda] Attached SCSI disk
[   19.160543] sd 2:0:1:0: [sdb] Incomplete mode parameter data
[   19.186398] sd 2:0:1:0: [sdb] Assuming drive cache: write through
[   19.231774] sd 2:0:1:0: [sdb] Attached SCSI disk
Begin: Loading essential drivers ... [   26.340192] md: linear personality registered for level -1
[   26.372758] md: multipath personality registered for level -4
[   26.405604] md: raid0 personality registered for level 0
[   26.440908] md: raid1 personality registered for level 1
[   26.544771] raid6: sse2x1   gen()  5989 MB/s
[   26.636618] raid6: sse2x1   xor()  5713 MB/s
[   26.724557] raid6: sse2x2   gen()  9832 MB/s
[   26.813448] raid6: sse2x2   xor()  7112 MB/s
[   26.901359] raid6: sse2x4   gen() 11560 MB/s
[   26.989094] raid6: sse2x4   xor()  7374 MB/s
[   27.077012] raid6: avx2x1   gen() 12610 MB/s
[   27.169149] raid6: avx2x2   gen() 15947 MB/s
[   27.257015] raid6: avx2x4   gen() 19328 MB/s
[   27.278715] raid6: using algorithm avx2x4 gen() 19328 MB/s
[   27.304405] raid6: using avx2x2 recovery algorithm
[   27.330161] xor: automatically using best checksumming function:
[   27.396619]    avx       : 18538.000 MB/sec
[   27.424140] async_tx: api initialized (async)
[   27.471843] md: raid6 personality registered for level 6
[   27.496171] md: raid5 personality registered for level 5
[   27.521938] md: raid4 personality registered for level 4
[   27.563611] md: raid10 personality registered for level 10
done.
Begin: Running /scripts/init-premount ... done.
Begin: Mounting root file system ... Begin: Running /scripts/local-top ... done.
Begin: Running /scripts/local-premount ... [   27.722442] Btrfs loaded
Scanning for Btrfs filesystems
done.
Warning: fsck not present, so skipping root file system
[   27.842281] EXT4-fs (sda1): mounted filesystem with ordered data mode. Opts: (null)
done.
Begin: Running /scripts/local-bottom ... done.
Begin: Running /scripts/init-bottom ... done.
[   28.201805] systemd[1]: systemd 229 running in system mode. (+PAM +AUDIT +SELINUX +IMA +APPARMOR +SMACK +SYSVINIT +UTMP +LIBCRYPTSETUP +GCRYPT +GNUTLS +ACL +XZ -LZ4 +SECCOMP +BLKID +ELFUTILS +KMOD -IDN)
[   28.276045] systemd[1]: Detected virtualization oracle.
[   28.299842] systemd[1]: Detected architecture x86-64.

Welcome to [1mUbuntu 16.04.5 LTS[0m!

[   28.353068] systemd[1]: Set hostname to <ubuntu>.
[   28.386539] systemd[1]: Initializing machine ID from random generator.
[   28.413324] systemd[1]: Installed transient /etc/machine-id file.
[   28.622180] random: nonblocking pool is initialized
[   28.777516] systemd[1]: Listening on udev Control Socket.
[[0;32m  OK  [0m] Listening on udev Control Socket.
[   28.829606] systemd[1]: Listening on Device-mapper event daemon FIFOs.
[[0;32m  OK  [0m] Listening on Device-mapper event daemon FIFOs.
[   28.886492] systemd[1]: Listening on LVM2 poll daemon socket.
[[0;32m  OK  [0m] Listening on LVM2 poll daemon socket.
[   28.938634] systemd[1]: Created slice User and Session Slice.
[[0;32m  OK  [0m] Created slice User and Session Slice.
[   28.988469] systemd[1]: Reached target Encrypted Volumes.
[[0;32m  OK  [0m] Reached target Encrypted Volumes.
[   29.046902] systemd[1]: Set up automount Arbitrary Executable File Formats File System Automount Point.
[[0;32m  OK  [0m] Set up automount Arbitrary Executab...ats File System Automount Point.
[   29.127071] systemd[1]: Listening on udev Kernel Socket.
[[0;32m  OK  [0m] Listening on udev Kernel Socket.
[   29.174707] systemd[1]: Reached target Swap.
[[0;32m  OK  [0m] Reached target Swap.
[   29.215946] systemd[1]: Started Trigger resolvconf update for networkd DNS.
[[0;32m  OK  [0m] Started Trigger resolvconf update for networkd DNS.
[   29.273884] systemd[1]: Listening on Journal Audit Socket.
[[0;32m  OK  [0m] Listening on Journal Audit Socket.
[   29.323280] systemd[1]: Created slice System Slice.
[[0;32m  OK  [0m] Created slice System Slice.
[   29.368128] systemd[1]: Created slice system-serial\x2dgetty.slice.
[[0;32m  OK  [0m] Created slice system-serial\x2dgetty.slice.
[   29.429660] systemd[1]: Listening on LVM2 metadata daemon socket.
[[0;32m  OK  [0m] Listening on LVM2 metadata daemon socket.
[   29.480213] systemd[1]: Listening on /dev/initctl Compatibility Named Pipe.
[[0;32m  OK  [0m] Listening on /dev/initctl Compatibility Named Pipe.
[   29.535763] systemd[1]: Reached target System Time Synchronized.
[[0;32m  OK  [0m] Reached target System Time Synchronized.
[   29.586625] systemd[1]: Listening on Journal Socket (/dev/log).
[[0;32m  OK  [0m] Listening on Journal Socket (/dev/log).
[   29.637574] systemd[1]: Started Forward Password Requests to Wall Directory Watch.
[[0;32m  OK  [0m] Started Forward Password Requests to Wall Directory Watch.
[   29.698956] systemd[1]: Reached target User and Group Name Lookups.
[[0;32m  OK  [0m] Reached target User and Group Name Lookups.
[   29.757847] systemd[1]: Listening on Journal Socket.
[[0;32m  OK  [0m] Listening on Journal Socket.
[   29.813261] systemd[1]: Mounting Huge Pages File System...
         Mounting Huge Pages File System...
[   29.859032] systemd[1]: Starting Nameserver information manager...
         Starting Nameserver information manager...
[   29.908520] systemd[1]: Starting Create list of required static device nodes for the current kernel...
         Starting Create list of required st... nodes for the current kernel...
[   29.980697] systemd[1]: Mounting Debug File System...
         Mounting Debug File System...
[   30.023832] systemd[1]: Starting Monitoring of LVM2 mirrors, snapshots etc. using dmeventd or progress polling...
         Starting Monitoring of LVM2 mirrors... dmeventd or progress polling...
[   30.113651] systemd[1]: Starting Uncomplicated firewall...
         Starting Uncomplicated firewall...
[   30.158685] systemd[1]: Starting Remount Root and Kernel File Systems...
[   30.164888] EXT4-fs (sda1): re-mounted. Opts: (null)
         Starting Remount Root and Kernel File Systems...
[   30.233551] systemd[1]: Mounting POSIX Message Queue File System...
         Mounting POSIX Message Queue File System...
[   30.297162] systemd[1]: Starting Set console keymap...
         Starting Set console keymap...
[   30.349270] systemd[1]: Starting Load Kernel Modules...
         Starting Load Kernel Modules...
[   30.397449] systemd[1]: Reached target Slices.
[   30.410578] Loading iSCSI transport class v2.0-870.
[[0;32m  OK  [0m] Reached target Slices.
[   30.462297] systemd[1]: Listening on Syslog Socket.
[[0;32m  OK  [0m] Listening on Syslog Socket.
[   30.508934] iscsi: registered transport (tcp)
[   30.537620] systemd[1]: Starting Journal Service...
         Starting Journal Service...
[   30.582318] systemd[1]: Mounted POSIX Message Queue File System.
[[0;32m  OK  [0m] Mounted POSIX Message Queue File System.
[   30.635350] systemd[1]: Mounted Debug File System.
[[0;32m  OK  [0m] Mounted Debug File System.
[   30.682450] systemd[1]: Mounted Huge Pages File System.
[[0;32m  OK  [0m] Mounted Huge Pages File System.
[   30.728900] systemd[1]: Started Journal Service.
[[0;32m  OK  [0m] Started Journal Service.
[   30.772671] iscsi: registered transport (iser)
[[0;32m  OK  [0m] Started Create list of required sta...ce nodes for the current kernel.
[[0;32m  OK  [0m] Started Uncomplicated firewall.
[[0;32m  OK  [0m] Started Remount Root and Kernel File Systems.
[[0;32m  OK  [0m] Started Set console keymap.
[[0;32m  OK  [0m] Started Load Kernel Modules.
[[0;32m  OK  [0m] Started Nameserver information manager.
[[0;32m  OK  [0m] Started LVM2 metadata daemon.
         Mounting FUSE Control File System...
         Starting Apply Kernel Variables...
         Starting udev Coldplug all Devices...
         Starting Load/Save Random Seed...
         Starting Create Static Device Nodes in /dev...
         Starting Flush Journal to Persistent Storage...
[[0;32m  OK  [0m] Mounted FUSE Control File System.
[[0;32m  OK  [0m] Started Apply Kernel Variables.
[[0;32m  OK  [0m] Started Load/Save Random Seed.
[[0;32m  OK  [0m] Started Create Static Device Nodes in /dev.
[[0;32m  OK  [0m] Started udev Coldplug all Devices.
         Starting udev Kernel Device Manager...
[[0;32m  OK  [0m] Started Flush Journal to Persistent Storage.
[[0;32m  OK  [0m] Started Monitoring of LVM2 mirrors,...ng dmeventd or progress polling.
[[0;32m  OK  [0m] Started udev Kernel Device Manager.
[[0;32m  OK  [0m] Started Dispatch Password Requests to Console Directory Watch.
[[0;32m  OK  [0m] Reached target Local File Systems (Pre).
[[0;32m  OK  [0m] Reached target Local File Systems.
         Starting Tell Plymouth To Write Out Runtime Data...
         Starting LSB: AppArmor initialization...
         Starting Set console font and keymap...
         Starting Commit a transient machine-id on disk...
         Starting Initial cloud-init job (pre-networking)...
         Starting Create Volatile Files and Directories...
[[0;32m  OK  [0m] Started Tell Plymouth To Write Out Runtime Data.
[[0;32m  OK  [0m] Started Commit a transient machine-id on disk.
[[0;32m  OK  [0m] Started Create Volatile Files and Directories.
[[0;32m  OK  [0m] Found device /dev/ttyS0.
         Starting Update UTMP about System Boot/Shutdown...
[[0;32m  OK  [0m] Listening on Load/Save RF Kill Switch Status /dev/rfkill Watch.
[[0;32m  OK  [0m] Started Update UTMP about System Boot/Shutdown.
[[0;32m  OK  [0m] Started Initial cloud-init job (pre-networking).
[[   27.712439] cloud-init[498]: Cloud-init v. 18.2 running 'init-local' at Fri, 03 Aug 2018 15:23:34 +0000. Up 27.13 seconds.
[0;32m  OK  [0m] Started LSB: AppArmor initialization.
[[0;32m  OK  [0m] Reached target Network (Pre).
         Starting Raise network interfaces...
[[0m[0;31m*     [0m] (1 of 2) A start job is running for...work interfaces (17s / 5min 11s)[K[[0;1;31m*[0m[0;31m*    [0m] (1 of 2) A start job is running for...work interfaces (18s / 5min 11s)[K[[0;31m*[0;1;31m*[0m[0;31m*   [0m] (1 of 2) A start job is running for...work interfaces (20s / 5min 11s)[K[[0;32m  OK  [0m] Started Set console font and keymap.
[[0;32m  OK  [0m] Created slice system-getty.slice.
[[0;32m  OK  [0m] Started Raise network interfaces.
[[0;32m  OK  [0m] Reached target Network.
         Starting Initial cloud-init job (metadata service crawler)...
[   45.541457] cloud-init[934]: Cloud-init v. 18.2 running 'init' at Fri, 03 Aug 2018 15:23:52 +0000. Up 44.77 seconds.
[   45.576929] cloud-init[934]: ci-info: ++++++++++++++++++++++++++++++++++++++Net device info++++++++++++++++++++++++++++++++++++++
[   45.613122] cloud-init[934]: ci-info: +--------+-------+----------------------------+---------------+-------+-------------------+
[   45.654626] cloud-init[934]: ci-info: | Device |   Up  |          Address           |      Mask     | Scope |     Hw-Address    |
[   45.693724] cloud-init[934]: ci-info: +--------+-------+----------------------------+---------------+-------+-------------------+
[   45.731778] cloud-init[934]: ci-info: | enp0s3 |  True |         10.0.2.15          | 255.255.255.0 |   .   | 02:17:6d:c2:33:c4 |
[[0;32m  OK  [0m] Started Initial cloud-init job (metadata service crawler).
[[   45.770949] cloud-init[934]: ci-info: | enp0s3 |  True | fe80::17:6dff:fec2:33c4/64 |       .       |  link | 02:17:6d:c2:33:c4 |
[0;32m  OK  [0m[   45.795135] cloud-init[934]: ci-info: | enp0s8 | False |             .              |       .       |   .   | 08:00:27:eb:c7:53 |
] [   45.811496] cloud-init[934]: ci-info: |   lo   |  True |         127.0.0.1          |   255.0.0.0   |   .   |         .         |
Reached target Network is Online.[   45.828118] 
cloud-init[934]: ci-info: |   lo   |  True |          ::1/128           |       .       |  host |         .         |
         Starting iSCSI initiator daemon (iscsid)...
[[0;32m  OK  [0m] Reached target Cloud-config availability.
[[0;32m  OK  [0m] Reached target System Initialization.
[[0;32m  OK  [0m] Listening on UUID daemon activation socket.
[[0;32m  OK  [0m] Listening on ACPID Listen Socket.
[[0;32m  OK  [0m] Started Daily Cleanup of Temporary Directories.
         Starting Socket activation for snappy daemon.
[   45.919197] cloud-init[934]: ci-info: +--------+-------+----------------------------+---------------+-------+-------------------+
[[0;32m  OK  [0m] Started ACPI Events Check.
[   46.047737] cloud-init[934]: ci-info: +++++++++++++++++++++++++++Route IPv4 info++++++++++++++++++++++++++++
[[   46.101788] cloud-init[934]: ci-info: +-------+-------------+----------+---------------+-----------+-------+
[   46.111643] cloud-init[934]: ci-info: | Route | Destination | Gateway  |    Genmask    | Interface | Flags |
[   46.111702] cloud-init[934]: ci-info: +-------+-------------+----------+---------------+-----------+-------+
[   46.111732] cloud-init[934]: ci-info: |   0   |   0.0.0.0   | 10.0.2.2 |    0.0.0.0    |   enp0s3  |   UG  |
[   46.111762] cloud-init[934]: ci-info: |   1   |   10.0.2.0  | 0.0.0.0  | 255.255.255.0 |   enp0s3  |   U   |
[   46.124455] cloud-init[934]: ci-info: +-------+-------------+----------+---------------+-----------+-------+
[   46.128455] cloud-init[934]: Generating public/private rsa key pair.
[   46.130932] cloud-init[934]: Your identification has been saved in /etc/ssh/ssh_host_rsa_key.
[   46.148035] cloud-init[934]: Your public key has been saved in /etc/ssh/ssh_host_rsa_key.pub.
[   46.168046] cloud-init[934]: The key fingerprint is:
[   46.188470] cloud-init[934]: SHA256:xODwW6o+s1ECnNLnGt3pQU+THOt1N5E1wHkHws7SL9c root@ubuntu-xenial
[   46.192933] cloud-init[934]: The key's randomart image is:
[   46.232597] cloud-init[934]: +---[RSA 2048]----+
[   46.247670] cloud-init[934]: |    . . .  .o.==.|
[   46.279786] cloud-init[934]: | o . + + +  .+.oo|
[   46.299916] cloud-init[934]: |. = . + X .+. + .|
[   46.307290] cloud-init[934]: | . = o X o..+. . |
[   46.320328] cloud-init[934]: |  . + B S  . . . |
[   46.323937] cloud-init[934]: |   o = .    . o E|
[   46.343360] cloud-init[934]: |  . o .      o   |
[   46.346591] cloud-init[934]: |   .o.           |
[   46.360041] cloud-init[934]: |    o+           |
[   46.379948] cloud-init[934]: +----[SHA256]-----+
[   46.395843] cloud-init[934]: Generating public/private dsa key pair.
[   46.425882] cloud-init[934]: Your identification has been saved in /etc/ssh/ssh_host_dsa_key.
[   46.432096] cloud-init[934]: Your public key has been saved in /etc/ssh/ssh_host_dsa_key.pub.
[   46.456033] cloud-init[934]: The key fingerprint is:
[   46.462802] cloud-init[934]: SHA256:Y8vROKqvOrvEW2aiCxQi0jCFgM63z8T0gm6p0C7SYow root@ubuntu-xenial
[   46.475051] cloud-init[934]: The key's randomart image is:
[   46.491431] cloud-init[934]: +---[DSA 1024]----+
[   46.511625] cloud-init[934]: |*o.              |
[   46.527793] cloud-init[934]: |o+               |
[   46.547376] cloud-init[934]: |*..              |
[   46.553888] cloud-init[934]: |+o.. .   o       |
[   46.580256] cloud-init[934]: | .. = . S .      |
[   46.583162] cloud-init[934]: |.o o + = =       |
[   46.596622] cloud-init[934]: |=.* O o o        |
[   46.600032] cloud-init[934]: |E*oX +           |
[   46.613978] cloud-init[934]: |==O=oo.          |
[   46.617917] cloud-init[934]: +----[SHA256]-----+
[   46.635817] cloud-init[934]: Generating public/private ecdsa key pair.
[   46.650056] cloud-init[934]: Your identification has been saved in /etc/ssh/ssh_host_ecdsa_key.
[   46.660481] cloud-init[934]: Your public key has been saved in /etc/ssh/ssh_host_ecdsa_key.pub.
[   46.663856] cloud-init[934]: The key fingerprint is:
[   46.679959] cloud-init[934]: SHA256:rFHcpZ0V8/o8KRdwS0KOfMjWGQIAglj6O+BQ3EsHY7I root@ubuntu-xenial
[   46.704498] cloud-init[934]: The key's randomart image is:
[   46.707661] cloud-init[934]: +---[ECDSA 256]---+
[   46.707710] cloud-init[934]: |..+.+........o+. |
[   46.731304] cloud-init[934]: |.+ =.o . .o+Booo |
[   46.748513] cloud-init[934]: |. E o . o o*oB o.|
[   46.751974] cloud-init[934]: | o . o o  . . =..|
[   46.752007] cloud-init[934]: |o . . . S     .o |
[   46.752036] cloud-init[934]: |o. .   o       oo|
[   46.775327] cloud-init[934]: | .o   .      . +o|
[   46.788502] cloud-init[934]: |   .          o .|
[   46.791572] cloud-init[934]: |                 |
[   46.807909] cloud-init[934]: +----[SHA256]-----+
[   46.848393] cloud-init[934]: Generating public/private ed25519 key pair.
[   46.852130] cloud-init[934]: Your identification has been saved in /etc/ssh/ssh_host_ed25519_key.
[   46.872019] cloud-init[934]: Your public key has been saved in /etc/ssh/ssh_host_ed25519_key.pub.
[   46.878257] cloud-init[934]: The key fingerprint is:
[   46.878289] cloud-init[934]: SHA256:r8vFtBFQA4OVvIET/OZmBj6uJ+PHOTp1373kOgFaYms root@ubuntu-xenial
[   46.885288] cloud-init[934]: The key's randomart image is:
[   46.885328] cloud-init[934]: +--[ED25519 256]--+
[   46.885357] cloud-init[934]: |     ..*=+o      |
[   46.885387] cloud-init[934]: |      = +o .     |
[   46.885415] cloud-init[934]: |       o o.      |
[   46.885442] cloud-init[934]: |      . * o.     |
[   46.885477] cloud-init[934]: |     . =S=o.     |
[   46.885504] cloud-init[934]: |      + E+ o.    |
[   46.885532] cloud-init[934]: |     + O .=. o.  |
[   46.885560] cloud-init[934]: |    + B. o. oo.  |
[0;32m  OK  [0m] Reached target Paths.
[[0;32m  OK  [0m] Listening on D-Bus System Message Bus Socket.
[[0;32m  OK  [0m] Started Daily apt download activities.
[   46.886197] cloud-init[934]: |   .+O .+.  .oo. |
[   47.217752] cloud-init[934]: +----[SHA256]-----+
         Starting LXD - unix socket.
[[0;32m  OK  [0m] Started Daily apt upgrade and clean activities.
[[0;32m  OK  [0m] Reached target Timers.
[[0;32m  OK  [0m] Listening on Socket activation for snappy daemon.
[[0;32m  OK  [0m] Listening on LXD - unix socket.
[[0;32m  OK  [0m] Started iSCSI initiator daemon (iscsid).
         Starting Login to default iSCSI targets...
[[0;32m  OK  [0m] Reached target Sockets.
[[0;32m  OK  [0m] Reached target Basic System.
         Starting Login Service...
[[0;32m  OK  [0m] Started Unattended Upgrades Shutdown.
         Starting System Logging Service...
         Starting Virtualbox guest utils...
         Starting LSB: MD monitoring daemon...
         Starting Accounts Service...
[[0;32m  OK  [0m] Started Regular background program processing daemon.
[[0;32m  OK  [0m] Started ACPI event daemon.
[[0;32m  OK  [0m] Started FUSE filesystem for LXC.
         Starting LXD - container startup/shutdown...
[[0;32m  OK  [0m] Started D-Bus System Message Bus.
         Starting Apply the settings specified in cloud-config...
         Starting LSB: Record successful boot for GRUB...
         Starting Pollinate to seed the pseudo random number generator...
[[0;32m  OK  [0m] Started Deferred execution scheduler.
         Starting /etc/rc.local Compatibility...
         Starting Snappy daemon...
[[0;32m  OK  [0m] Started System Logging Service.
[[0;32m  OK  [0m] Started LXD - container startup/shutdown.
[[0;32m  OK  [0m] Started /etc/rc.local Compatibility.
[[0;32m  OK  [0m] Started Login to default iSCSI targets.
[[0;32m  OK  [0m] Started LSB: MD monitoring daemon.
[[0;32m  OK  [0m] Started LSB: Record successful boot for GRUB.
[[0;32m  OK  [0m] Started Virtualbox guest utils.
[[0;32m  OK  [0m] Started Snappy daemon.
[[0;32m  OK  [0m] Started Login Service.
         Starting Authenticate and Authorize Users to Run Privileged Tasks...
         Starting Wait until snapd is fully seeded...
[[0;32m  OK  [0m] Reached target Remote File Systems (Pre).
[[0;32m  OK  [0m] Reached target Remote File Systems.
         Starting LSB: Set the CPU Frequency Scaling governor to "ondemand"...
         [   48.949318] cloud-init[1069]: Generating locales (this might take a while)...
Starting LSB: automatic crash report generation...
         Starting LSB: daemon to balance interrupts for SMP systems...
         Starting Permit User Sessions...
[[0;32m  OK  [0m] Started Permit User Sessions.
[[0;32m  OK  [0m] Started Authenticate and Authorize Users to Run Privileged Tasks.
[[0;32m  OK  [0m] Started Accounts Service.
         Starting Hold until boot process finishes up...
         Starting Terminate Plymouth Boot Screen...
[[0;32m  OK  [0m] Started LSB: Set the CPU Frequency Scaling governor to "ondemand".
[[0;32m  OK  [0m] Started LSB: automatic crash report generation.
[[0;32m  OK  [0m] Started LSB: daemon to balance interrupts for SMP systems.
[[0;32m  OK  [0m] Started Hold until boot process finishes up.
[[0;32m  OK  [0m] Started Terminate Plymouth Boot Screen.
[[0;32m  OK  [0m] Started Serial Getty on ttyS0.
[[0;32m  OK  [0m] Started Getty on tty1.
[[0;32m  OK  [0m] Reached target Login Prompts.
         Starting Set console scheme...
[[0;32m  OK  [0m] Started Set console scheme.
[   50.142022] cloud-init[1069]:   en_US.UTF-8... done
[   50.184396] cloud-init[1069]: Generation complete.
[   50.631973] cloud-init[1069]: Cloud-init v. 18.2 running 'modules:config' at Fri, 03 Aug 2018 15:23:56 +0000. Up 48.61 seconds.
[[0;32m  OK  [0m] Started Apply the settings specified in cloud-config.
[[0;32m  OK  [0m] Started Pollinate to seed the pseudo random number generator.
         Starting OpenBSD Secure Shell server...
[[0;32m  OK  [0m] Started OpenBSD Secure Shell server.
[[0;32m  OK  [0m] Created slice User Slice of vagrant.
         Starting User Manager for UID 1000...
[[0;32m  OK  [0m] Started Session 1 of user vagrant.
[[0;32m  OK  [0m] Started User Manager for UID 1000.

Ubuntu 16.04.5 LTS ubuntu-xenial ttyS0

ubuntu-xenial login: ci-info: no authorized ssh keys fingerprints found for user ubuntu.
<14>Aug  3 15:24:07 ec2: 
<14>Aug  3 15:24:07 ec2: #############################################################
<14>Aug  3 15:24:07 ec2: -----BEGIN SSH HOST KEY FINGERPRINTS-----
<14>Aug  3 15:24:07 ec2: 1024 SHA256:Y8vROKqvOrvEW2aiCxQi0jCFgM63z8T0gm6p0C7SYow root@ubuntu-xenial (DSA)
<14>Aug  3 15:24:07 ec2: 256 SHA256:rFHcpZ0V8/o8KRdwS0KOfMjWGQIAglj6O+BQ3EsHY7I root@ubuntu-xenial (ECDSA)
<14>Aug  3 15:24:07 ec2: 256 SHA256:r8vFtBFQA4OVvIET/OZmBj6uJ+PHOTp1373kOgFaYms root@ubuntu-xenial (ED25519)
<14>Aug  3 15:24:07 ec2: 2048 SHA256:xODwW6o+s1ECnNLnGt3pQU+THOt1N5E1wHkHws7SL9c root@ubuntu-xenial (RSA)
<14>Aug  3 15:24:07 ec2: -----END SSH HOST KEY FINGERPRINTS-----
<14>Aug  3 15:24:07 ec2: #############################################################
-----BEGIN SSH HOST KEY KEYS-----
ecdsa-sha2-nistp256 AAAAE2VjZHNhLXNoYTItbmlzdHAyNTYAAAAIbmlzdHAyNTYAAABBBGWm4sldnAF65urMovjibI153A/1y5ysf3/1ytilDFesxyKfTT6tSD8G1I0zYKd2/FnTQptOf13Qb2pXcNLteNI= root@ubuntu-xenial
ssh-ed25519 AAAAC3NzaC1lZDI1NTE5AAAAIKlG+u9igUJz3Onj8aS3DomToY5Oe9it1jZG1w093RdD root@ubuntu-xenial
ssh-rsa AAAAB3NzaC1yc2EAAAADAQABAAABAQC0kqhL5QGevpChXpSD0+oe9Bp9oMGtCyDdr3vzheq21asNhiNI4HHXqdXP/1D1x6DOU60snGa3JEIoCAKHfvRn7eHH+8E8FG+bXQCY7iY1IzlJ/qj4758qdei/P6G1D+SA7Sct+0NPQpIxeNcVLYPhk1IdbBA4MLkWY7XNr/21YPNYiPN/TiI2lPDTcvIkDsVOYUPUZXvXK0B4dUhG5qdpnUD+ECUshkWkgqKchOeEwmkT1+4pizS+by6tovukHgoADnSCIxjTxK+Cm9xNc/YGiCqE385dfY7Q+0NN+1UVxeoulWJj90MMS6brDJ+HIrE/629bKQjFmUIcWBC634+l root@ubuntu-xenial
-----END SSH HOST KEY KEYS-----
[   60.316520] cloud-init[1735]: Cloud-init v. 18.2 running 'modules:final' at Fri, 03 Aug 2018 15:24:07 +0000. Up 59.81 seconds.
[   60.316763] cloud-init[1735]: ci-info: no authorized ssh keys fingerprints found for user ubuntu.
[   60.316797] cloud-init[1735]: Cloud-init v. 18.2 finished at Fri, 03 Aug 2018 15:24:07 +0000. Datasource DataSourceNoCloud [seed=/dev/sdb][dsmode=net].  Up 59.99 seconds
